<?xml version="1.0" encoding="UTF-8"?>
<!-- Generated by org.testng.reporters.JUnitReportReporter -->
<testsuite hostname="DESKTOP-J4RJG6S" failures="0" tests="1" name="test.pg_logintest" time="2.717" errors="0" timestamp="2024-10-15T11:29:54 GMT-12:00" skipped="0">
  <testcase classname="test.pg_logintest" name="testlogin" time="2.717"/>
  <system-out/>
</testsuite> <!-- test.pg_logintest -->
