<?xml version="1.0" encoding="UTF-8"?>
<!-- Generated by org.testng.reporters.JUnitReportReporter -->
<testsuite hostname="DESKTOP-J4RJG6S" failures="0" tests="1" name="testNG.mouseover" time="5.099" errors="0" timestamp="2024-10-04T11:29:28 GMT-12:00" skipped="0">
  <testcase classname="testNG.mouseover" name="test" time="5.099"/>
  <system-out/>
</testsuite> <!-- testNG.mouseover -->
