<?xml version="1.0" encoding="UTF-8"?>
<!-- Generated by org.testng.reporters.JUnitReportReporter -->
<testsuite hostname="DESKTOP-J4RJG6S" failures="0" tests="1" name="testNG.draganddrop" time="36.044" errors="0" timestamp="2024-10-03T11:30:34 GMT-12:00" skipped="0">
  <testcase classname="testNG.draganddrop" name="test" time="36.044"/>
  <system-out/>
</testsuite> <!-- testNG.draganddrop -->
