<?xml version="1.0" encoding="UTF-8"?>
<!-- Generated by org.testng.reporters.JUnitReportReporter -->
<testsuite hostname="DESKTOP-J4RJG6S" failures="0" tests="1" name="testNG.fileupload_ilovepdf" time="5.834" errors="0" timestamp="2024-10-15T10:53:04 GMT-12:00" skipped="0">
  <testcase classname="testNG.fileupload_ilovepdf" name="test1" time="5.834"/>
  <system-out/>
</testsuite> <!-- testNG.fileupload_ilovepdf -->
