<?xml version="1.0" encoding="UTF-8"?>
<!-- Generated by org.testng.reporters.JUnitReportReporter -->
<testsuite hostname="DESKTOP-J4RJG6S" failures="0" tests="1" name="testNG.rightclick_doubleclick" time="4.561" errors="0" timestamp="2024-10-04T10:54:12 GMT-12:00" skipped="0">
  <testcase classname="testNG.rightclick_doubleclick" name="test" time="4.561"/>
  <system-out/>
</testsuite> <!-- testNG.rightclick_doubleclick -->
