<?xml version="1.0" encoding="UTF-8"?>
<!-- Generated by org.testng.reporters.JUnitReportReporter -->
<testsuite hostname="DESKTOP-J4RJG6S" failures="0" tests="1" name="test.fblogin_test" time="2.816" errors="0" timestamp="2024-10-15T11:03:23 GMT-12:00" skipped="0">
  <testcase classname="test.fblogin_test" name="testlogin" time="2.816"/>
  <system-out/>
</testsuite> <!-- test.fblogin_test -->
