<?xml version="1.0" encoding="UTF-8"?>
<!-- Generated by org.testng.reporters.JUnitReportReporter -->
<testsuite hostname="DESKTOP-J4RJG6S" failures="0" tests="3" name="testNG.testNGdemo" time="0.022" errors="0" timestamp="2024-09-28T11:15:28 GMT-12:00" skipped="0">
  <testcase classname="testNG.testNGdemo" name="test2" time="0.014"/>
  <system-out/>
  <testcase classname="testNG.testNGdemo" name="test3" time="0.003"/>
  <system-out/>
  <testcase classname="testNG.testNGdemo" name="test1" time="0.005"/>
  <system-out/>
</testsuite> <!-- testNG.testNGdemo -->
