<?xml version="1.0" encoding="UTF-8"?>
<!-- Generated by org.testng.reporters.JUnitReportReporter -->
<testsuite hostname="DESKTOP-J4RJG6S" failures="0" tests="1" name="testNG.copypaste" time="24.102" errors="0" timestamp="2024-10-03T10:20:51 GMT-12:00" skipped="0">
  <testcase classname="testNG.copypaste" name="test" time="24.102"/>
  <system-out/>
</testsuite> <!-- testNG.copypaste -->
